<?xml version="1.0" encoding="UTF-8"?>
<!-- Generated by org.testng.reporters.JUnitXMLReporter -->
<testsuite ignored="0" hostname="DESKTOP-NVB0K51" failures="0" tests="11" name="TutorialsNinja Package Execution" time="47.242" errors="0" timestamp="2026-03-03T22:36:28 IST">
  <testcase classname="com.tutorialsninja.qa.testcases.Login" name="verifyLoginWithInvalidCredentials" time="1.539"/>
  <testcase classname="com.tutorialsninja.qa.testcases.Login" name="verifyLoginWithInvalidEmailAndValidPassword" time="1.041"/>
  <testcase classname="com.tutorialsninja.qa.testcases.Login" name="verifyLoginWithValidEmailAndInvalidPassword" time="1.109"/>
  <testcase classname="com.tutorialsninja.qa.testcases.Login" name="verifyLoginWithoutProvidingCredentials" time="0.958"/>
  <testcase classname="com.tutorialsninja.qa.testcases.Register" name="verifyRegisteringAnAccountWithMandatoryFields" time="2.278"/>
  <testcase classname="com.tutorialsninja.qa.testcases.Register" name="verifyRegisteringAccountByProvidingAllFields" time="2.576"/>
  <testcase classname="com.tutorialsninja.qa.testcases.Register" name="verifyRegisteringAccountWithExistingEmailAddress" time="2.258"/>
  <testcase classname="com.tutorialsninja.qa.testcases.Register" name="verifyRegisteringAccountWithoutFillingAnyDetails" time="0.871"/>
  <testcase classname="com.tutorialsninja.qa.testcases.Search" name="verifySearchWithValidProduct" time="0.482"/>
  <testcase classname="com.tutorialsninja.qa.testcases.Search" name="verifySearchWithInvalidProduct" time="0.438"/>
  <testcase classname="com.tutorialsninja.qa.testcases.Search" name="verifySearchWithoutAnyProduct" time="0.28"/>
</testsuite> <!-- TutorialsNinja Package Execution -->
