<?xml version="1.0" encoding="UTF-8"?>
<!-- Generated by org.testng.reporters.JUnitXMLReporter -->
<testsuite ignored="0" hostname="DESKTOP-NVB0K51" failures="0" tests="11" name="TutorialsNinja Package Execution" time="30.682" errors="0" timestamp="2026-03-06T15:43:49 IST">
  <testcase classname="com.tutorialsninja.qa.testcases.Login" name="verifyLoginWithInvalidCredentials" time="1.125"/>
  <testcase classname="com.tutorialsninja.qa.testcases.Login" name="verifyLoginWithInvalidEmailAndValidPassword" time="0.832"/>
  <testcase classname="com.tutorialsninja.qa.testcases.Login" name="verifyLoginWithValidEmailAndInvalidPassword" time="0.886"/>
  <testcase classname="com.tutorialsninja.qa.testcases.Login" name="verifyLoginWithoutProvidingCredentials" time="0.832"/>
  <testcase classname="com.tutorialsninja.qa.testcases.Register" name="verifyRegisteringAnAccountWithMandatoryFields" time="1.226"/>
  <testcase classname="com.tutorialsninja.qa.testcases.Register" name="verifyRegisteringAccountByProvidingAllFields" time="1.189"/>
  <testcase classname="com.tutorialsninja.qa.testcases.Register" name="verifyRegisteringAccountWithExistingEmailAddress" time="0.905"/>
  <testcase classname="com.tutorialsninja.qa.testcases.Register" name="verifyRegisteringAccountWithoutFillingAnyDetails" time="1.371"/>
  <testcase classname="com.tutorialsninja.qa.testcases.Search" name="verifySearchWithValidProduct" time="0.45"/>
  <testcase classname="com.tutorialsninja.qa.testcases.Search" name="verifySearchWithInvalidProduct" time="0.329"/>
  <testcase classname="com.tutorialsninja.qa.testcases.Search" name="verifySearchWithoutAnyProduct" time="0.246"/>
</testsuite> <!-- TutorialsNinja Package Execution -->
