<?xml version="1.0" encoding="UTF-8"?>
<testng-results ignored="0" total="11" passed="11" failed="0" skipped="0">
  <reporter-output>
  </reporter-output>
  <suite started-at="2026-03-03T22:35:40 IST" name="TutorialsNinja Automation Suite" finished-at="2026-03-03T22:36:27 IST" duration-ms="47242">
    <groups>
    </groups>
    <test started-at="2026-03-03T22:35:40 IST" name="TutorialsNinja Package Execution" finished-at="2026-03-03T22:36:27 IST" duration-ms="47242">
      <class name="com.tutorialsninja.qa.testcases.Search">
        <test-method is-config="true" signature="setup()[pri:0, instance:com.tutorialsninja.qa.testcases.Search@4988d8b8]" started-at="2026-03-03T22:36:19 IST" name="setup" finished-at="2026-03-03T22:36:21 IST" duration-ms="2166" status="PASS">
          <reporter-output>
          </reporter-output>
        </test-method> <!-- setup -->
        <test-method signature="verifySearchWithValidProduct()[pri:1, instance:com.tutorialsninja.qa.testcases.Search@4988d8b8]" started-at="2026-03-03T22:36:21 IST" name="verifySearchWithValidProduct" finished-at="2026-03-03T22:36:22 IST" duration-ms="482" status="PASS">
          <reporter-output>
          </reporter-output>
        </test-method> <!-- verifySearchWithValidProduct -->
        <test-method is-config="true" signature="tearDown()[pri:0, instance:com.tutorialsninja.qa.testcases.Search@4988d8b8]" started-at="2026-03-03T22:36:22 IST" name="tearDown" finished-at="2026-03-03T22:36:22 IST" duration-ms="171" status="PASS">
          <reporter-output>
          </reporter-output>
        </test-method> <!-- tearDown -->
        <test-method is-config="true" signature="setup()[pri:0, instance:com.tutorialsninja.qa.testcases.Search@4988d8b8]" started-at="2026-03-03T22:36:22 IST" name="setup" finished-at="2026-03-03T22:36:24 IST" duration-ms="2054" status="PASS">
          <reporter-output>
          </reporter-output>
        </test-method> <!-- setup -->
        <test-method signature="verifySearchWithInvalidProduct()[pri:2, instance:com.tutorialsninja.qa.testcases.Search@4988d8b8]" started-at="2026-03-03T22:36:24 IST" name="verifySearchWithInvalidProduct" finished-at="2026-03-03T22:36:24 IST" duration-ms="438" status="PASS">
          <reporter-output>
          </reporter-output>
        </test-method> <!-- verifySearchWithInvalidProduct -->
        <test-method is-config="true" signature="tearDown()[pri:0, instance:com.tutorialsninja.qa.testcases.Search@4988d8b8]" started-at="2026-03-03T22:36:24 IST" name="tearDown" finished-at="2026-03-03T22:36:25 IST" duration-ms="190" status="PASS">
          <reporter-output>
          </reporter-output>
        </test-method> <!-- tearDown -->
        <test-method is-config="true" signature="setup()[pri:0, instance:com.tutorialsninja.qa.testcases.Search@4988d8b8]" started-at="2026-03-03T22:36:25 IST" name="setup" finished-at="2026-03-03T22:36:27 IST" duration-ms="2009" status="PASS">
          <reporter-output>
          </reporter-output>
        </test-method> <!-- setup -->
        <test-method signature="verifySearchWithoutAnyProduct()[pri:3, instance:com.tutorialsninja.qa.testcases.Search@4988d8b8]" started-at="2026-03-03T22:36:27 IST" name="verifySearchWithoutAnyProduct" finished-at="2026-03-03T22:36:27 IST" duration-ms="280" status="PASS">
          <reporter-output>
          </reporter-output>
        </test-method> <!-- verifySearchWithoutAnyProduct -->
        <test-method is-config="true" signature="tearDown()[pri:0, instance:com.tutorialsninja.qa.testcases.Search@4988d8b8]" started-at="2026-03-03T22:36:27 IST" name="tearDown" finished-at="2026-03-03T22:36:27 IST" duration-ms="200" status="PASS">
          <reporter-output>
          </reporter-output>
        </test-method> <!-- tearDown -->
      </class> <!-- com.tutorialsninja.qa.testcases.Search -->
      <class name="com.tutorialsninja.qa.testcases.Register">
        <test-method is-config="true" signature="setup()[pri:0, instance:com.tutorialsninja.qa.testcases.Register@63475ace]" started-at="2026-03-03T22:35:59 IST" name="setup" finished-at="2026-03-03T22:36:02 IST" duration-ms="2758" status="PASS">
          <reporter-output>
          </reporter-output>
        </test-method> <!-- setup -->
        <test-method signature="verifyRegisteringAnAccountWithMandatoryFields()[pri:1, instance:com.tutorialsninja.qa.testcases.Register@63475ace]" started-at="2026-03-03T22:36:02 IST" name="verifyRegisteringAnAccountWithMandatoryFields" finished-at="2026-03-03T22:36:04 IST" duration-ms="2278" status="PASS">
          <reporter-output>
          </reporter-output>
        </test-method> <!-- verifyRegisteringAnAccountWithMandatoryFields -->
        <test-method is-config="true" signature="teardown()[pri:0, instance:com.tutorialsninja.qa.testcases.Register@63475ace]" started-at="2026-03-03T22:36:04 IST" name="teardown" finished-at="2026-03-03T22:36:04 IST" duration-ms="199" status="PASS">
          <reporter-output>
          </reporter-output>
        </test-method> <!-- teardown -->
        <test-method is-config="true" signature="setup()[pri:0, instance:com.tutorialsninja.qa.testcases.Register@63475ace]" started-at="2026-03-03T22:36:04 IST" name="setup" finished-at="2026-03-03T22:36:07 IST" duration-ms="2987" status="PASS">
          <reporter-output>
          </reporter-output>
        </test-method> <!-- setup -->
        <test-method signature="verifyRegisteringAccountByProvidingAllFields()[pri:2, instance:com.tutorialsninja.qa.testcases.Register@63475ace]" started-at="2026-03-03T22:36:07 IST" name="verifyRegisteringAccountByProvidingAllFields" finished-at="2026-03-03T22:36:10 IST" duration-ms="2576" status="PASS">
          <reporter-output>
          </reporter-output>
        </test-method> <!-- verifyRegisteringAccountByProvidingAllFields -->
        <test-method is-config="true" signature="teardown()[pri:0, instance:com.tutorialsninja.qa.testcases.Register@63475ace]" started-at="2026-03-03T22:36:10 IST" name="teardown" finished-at="2026-03-03T22:36:10 IST" duration-ms="175" status="PASS">
          <reporter-output>
          </reporter-output>
        </test-method> <!-- teardown -->
        <test-method is-config="true" signature="setup()[pri:0, instance:com.tutorialsninja.qa.testcases.Register@63475ace]" started-at="2026-03-03T22:36:10 IST" name="setup" finished-at="2026-03-03T22:36:13 IST" duration-ms="2549" status="PASS">
          <reporter-output>
          </reporter-output>
        </test-method> <!-- setup -->
        <test-method signature="verifyRegisteringAccountWithExistingEmailAddress()[pri:3, instance:com.tutorialsninja.qa.testcases.Register@63475ace]" started-at="2026-03-03T22:36:13 IST" name="verifyRegisteringAccountWithExistingEmailAddress" finished-at="2026-03-03T22:36:15 IST" duration-ms="2258" status="PASS">
          <reporter-output>
          </reporter-output>
        </test-method> <!-- verifyRegisteringAccountWithExistingEmailAddress -->
        <test-method is-config="true" signature="teardown()[pri:0, instance:com.tutorialsninja.qa.testcases.Register@63475ace]" started-at="2026-03-03T22:36:15 IST" name="teardown" finished-at="2026-03-03T22:36:15 IST" duration-ms="218" status="PASS">
          <reporter-output>
          </reporter-output>
        </test-method> <!-- teardown -->
        <test-method is-config="true" signature="setup()[pri:0, instance:com.tutorialsninja.qa.testcases.Register@63475ace]" started-at="2026-03-03T22:36:15 IST" name="setup" finished-at="2026-03-03T22:36:18 IST" duration-ms="2810" status="PASS">
          <reporter-output>
          </reporter-output>
        </test-method> <!-- setup -->
        <test-method signature="verifyRegisteringAccountWithoutFillingAnyDetails()[pri:4, instance:com.tutorialsninja.qa.testcases.Register@63475ace]" started-at="2026-03-03T22:36:18 IST" name="verifyRegisteringAccountWithoutFillingAnyDetails" finished-at="2026-03-03T22:36:19 IST" duration-ms="871" status="PASS">
          <reporter-output>
          </reporter-output>
        </test-method> <!-- verifyRegisteringAccountWithoutFillingAnyDetails -->
        <test-method is-config="true" signature="teardown()[pri:0, instance:com.tutorialsninja.qa.testcases.Register@63475ace]" started-at="2026-03-03T22:36:19 IST" name="teardown" finished-at="2026-03-03T22:36:19 IST" duration-ms="206" status="PASS">
          <reporter-output>
          </reporter-output>
        </test-method> <!-- teardown -->
      </class> <!-- com.tutorialsninja.qa.testcases.Register -->
      <class name="com.tutorialsninja.qa.testcases.Login">
        <test-method is-config="true" signature="setup()[pri:0, instance:com.tutorialsninja.qa.testcases.Login@1c1bbc4e]" started-at="2026-03-03T22:35:40 IST" name="setup" finished-at="2026-03-03T22:35:46 IST" duration-ms="5670" status="PASS">
          <reporter-output>
          </reporter-output>
        </test-method> <!-- setup -->
        <test-method signature="verifyLoginWithInvalidCredentials()[pri:2, instance:com.tutorialsninja.qa.testcases.Login@1c1bbc4e]" started-at="2026-03-03T22:35:46 IST" name="verifyLoginWithInvalidCredentials" finished-at="2026-03-03T22:35:48 IST" duration-ms="1539" status="PASS">
          <reporter-output>
          </reporter-output>
        </test-method> <!-- verifyLoginWithInvalidCredentials -->
        <test-method is-config="true" signature="teardown()[pri:0, instance:com.tutorialsninja.qa.testcases.Login@1c1bbc4e]" started-at="2026-03-03T22:35:48 IST" name="teardown" finished-at="2026-03-03T22:35:48 IST" duration-ms="264" status="PASS">
          <reporter-output>
          </reporter-output>
        </test-method> <!-- teardown -->
        <test-method is-config="true" signature="setup()[pri:0, instance:com.tutorialsninja.qa.testcases.Login@1c1bbc4e]" started-at="2026-03-03T22:35:48 IST" name="setup" finished-at="2026-03-03T22:35:50 IST" duration-ms="2590" status="PASS">
          <reporter-output>
          </reporter-output>
        </test-method> <!-- setup -->
        <test-method signature="verifyLoginWithInvalidEmailAndValidPassword()[pri:3, instance:com.tutorialsninja.qa.testcases.Login@1c1bbc4e]" started-at="2026-03-03T22:35:50 IST" name="verifyLoginWithInvalidEmailAndValidPassword" finished-at="2026-03-03T22:35:51 IST" duration-ms="1041" status="PASS">
          <reporter-output>
          </reporter-output>
        </test-method> <!-- verifyLoginWithInvalidEmailAndValidPassword -->
        <test-method is-config="true" signature="teardown()[pri:0, instance:com.tutorialsninja.qa.testcases.Login@1c1bbc4e]" started-at="2026-03-03T22:35:51 IST" name="teardown" finished-at="2026-03-03T22:35:52 IST" duration-ms="201" status="PASS">
          <reporter-output>
          </reporter-output>
        </test-method> <!-- teardown -->
        <test-method is-config="true" signature="setup()[pri:0, instance:com.tutorialsninja.qa.testcases.Login@1c1bbc4e]" started-at="2026-03-03T22:35:52 IST" name="setup" finished-at="2026-03-03T22:35:54 IST" duration-ms="2566" status="PASS">
          <reporter-output>
          </reporter-output>
        </test-method> <!-- setup -->
        <test-method signature="verifyLoginWithValidEmailAndInvalidPassword()[pri:4, instance:com.tutorialsninja.qa.testcases.Login@1c1bbc4e]" started-at="2026-03-03T22:35:54 IST" name="verifyLoginWithValidEmailAndInvalidPassword" finished-at="2026-03-03T22:35:55 IST" duration-ms="1109" status="PASS">
          <reporter-output>
          </reporter-output>
        </test-method> <!-- verifyLoginWithValidEmailAndInvalidPassword -->
        <test-method is-config="true" signature="teardown()[pri:0, instance:com.tutorialsninja.qa.testcases.Login@1c1bbc4e]" started-at="2026-03-03T22:35:55 IST" name="teardown" finished-at="2026-03-03T22:35:56 IST" duration-ms="222" status="PASS">
          <reporter-output>
          </reporter-output>
        </test-method> <!-- teardown -->
        <test-method is-config="true" signature="setup()[pri:0, instance:com.tutorialsninja.qa.testcases.Login@1c1bbc4e]" started-at="2026-03-03T22:35:56 IST" name="setup" finished-at="2026-03-03T22:35:58 IST" duration-ms="2441" status="PASS">
          <reporter-output>
          </reporter-output>
        </test-method> <!-- setup -->
        <test-method signature="verifyLoginWithoutProvidingCredentials()[pri:5, instance:com.tutorialsninja.qa.testcases.Login@1c1bbc4e]" started-at="2026-03-03T22:35:58 IST" name="verifyLoginWithoutProvidingCredentials" finished-at="2026-03-03T22:35:59 IST" duration-ms="958" status="PASS">
          <reporter-output>
          </reporter-output>
        </test-method> <!-- verifyLoginWithoutProvidingCredentials -->
        <test-method is-config="true" signature="teardown()[pri:0, instance:com.tutorialsninja.qa.testcases.Login@1c1bbc4e]" started-at="2026-03-03T22:35:59 IST" name="teardown" finished-at="2026-03-03T22:35:59 IST" duration-ms="262" status="PASS">
          <reporter-output>
          </reporter-output>
        </test-method> <!-- teardown -->
      </class> <!-- com.tutorialsninja.qa.testcases.Login -->
    </test> <!-- TutorialsNinja Package Execution -->
  </suite> <!-- TutorialsNinja Automation Suite -->
</testng-results>
