<?xml version="1.0" encoding="UTF-8"?>
<testng-results ignored="0" total="11" passed="11" failed="0" skipped="0">
  <reporter-output>
  </reporter-output>
  <suite started-at="2026-03-06T15:43:17 IST" name="TutorialsNinja Automation Suite" finished-at="2026-03-06T15:43:48 IST" duration-ms="30682">
    <groups>
    </groups>
    <test started-at="2026-03-06T15:43:17 IST" name="TutorialsNinja Package Execution" finished-at="2026-03-06T15:43:48 IST" duration-ms="30682">
      <class name="com.tutorialsninja.qa.testcases.Search">
        <test-method is-config="true" signature="setup()[pri:0, instance:com.tutorialsninja.qa.testcases.Search@4988d8b8]" started-at="2026-03-06T15:43:42 IST" name="setup" finished-at="2026-03-06T15:43:43 IST" duration-ms="1687" status="PASS">
          <reporter-output>
          </reporter-output>
        </test-method> <!-- setup -->
        <test-method signature="verifySearchWithValidProduct()[pri:1, instance:com.tutorialsninja.qa.testcases.Search@4988d8b8]" started-at="2026-03-06T15:43:43 IST" name="verifySearchWithValidProduct" finished-at="2026-03-06T15:43:44 IST" duration-ms="450" status="PASS">
          <reporter-output>
          </reporter-output>
        </test-method> <!-- verifySearchWithValidProduct -->
        <test-method is-config="true" signature="tearDown()[pri:0, instance:com.tutorialsninja.qa.testcases.Search@4988d8b8]" started-at="2026-03-06T15:43:44 IST" name="tearDown" finished-at="2026-03-06T15:43:44 IST" duration-ms="203" status="PASS">
          <reporter-output>
          </reporter-output>
        </test-method> <!-- tearDown -->
        <test-method is-config="true" signature="setup()[pri:0, instance:com.tutorialsninja.qa.testcases.Search@4988d8b8]" started-at="2026-03-06T15:43:44 IST" name="setup" finished-at="2026-03-06T15:43:46 IST" duration-ms="1389" status="PASS">
          <reporter-output>
          </reporter-output>
        </test-method> <!-- setup -->
        <test-method signature="verifySearchWithInvalidProduct()[pri:2, instance:com.tutorialsninja.qa.testcases.Search@4988d8b8]" started-at="2026-03-06T15:43:46 IST" name="verifySearchWithInvalidProduct" finished-at="2026-03-06T15:43:46 IST" duration-ms="329" status="PASS">
          <reporter-output>
          </reporter-output>
        </test-method> <!-- verifySearchWithInvalidProduct -->
        <test-method is-config="true" signature="tearDown()[pri:0, instance:com.tutorialsninja.qa.testcases.Search@4988d8b8]" started-at="2026-03-06T15:43:46 IST" name="tearDown" finished-at="2026-03-06T15:43:46 IST" duration-ms="116" status="PASS">
          <reporter-output>
          </reporter-output>
        </test-method> <!-- tearDown -->
        <test-method is-config="true" signature="setup()[pri:0, instance:com.tutorialsninja.qa.testcases.Search@4988d8b8]" started-at="2026-03-06T15:43:46 IST" name="setup" finished-at="2026-03-06T15:43:47 IST" duration-ms="1306" status="PASS">
          <reporter-output>
          </reporter-output>
        </test-method> <!-- setup -->
        <test-method signature="verifySearchWithoutAnyProduct()[pri:3, instance:com.tutorialsninja.qa.testcases.Search@4988d8b8]" started-at="2026-03-06T15:43:47 IST" name="verifySearchWithoutAnyProduct" finished-at="2026-03-06T15:43:48 IST" duration-ms="246" status="PASS">
          <reporter-output>
          </reporter-output>
        </test-method> <!-- verifySearchWithoutAnyProduct -->
        <test-method is-config="true" signature="tearDown()[pri:0, instance:com.tutorialsninja.qa.testcases.Search@4988d8b8]" started-at="2026-03-06T15:43:48 IST" name="tearDown" finished-at="2026-03-06T15:43:48 IST" duration-ms="153" status="PASS">
          <reporter-output>
          </reporter-output>
        </test-method> <!-- tearDown -->
      </class> <!-- com.tutorialsninja.qa.testcases.Search -->
      <class name="com.tutorialsninja.qa.testcases.Register">
        <test-method is-config="true" signature="setup()[pri:0, instance:com.tutorialsninja.qa.testcases.Register@63475ace]" started-at="2026-03-06T15:43:29 IST" name="setup" finished-at="2026-03-06T15:43:31 IST" duration-ms="1757" status="PASS">
          <reporter-output>
          </reporter-output>
        </test-method> <!-- setup -->
        <test-method signature="verifyRegisteringAnAccountWithMandatoryFields()[pri:1, instance:com.tutorialsninja.qa.testcases.Register@63475ace]" started-at="2026-03-06T15:43:31 IST" name="verifyRegisteringAnAccountWithMandatoryFields" finished-at="2026-03-06T15:43:32 IST" duration-ms="1226" status="PASS">
          <reporter-output>
          </reporter-output>
        </test-method> <!-- verifyRegisteringAnAccountWithMandatoryFields -->
        <test-method is-config="true" signature="teardown()[pri:0, instance:com.tutorialsninja.qa.testcases.Register@63475ace]" started-at="2026-03-06T15:43:32 IST" name="teardown" finished-at="2026-03-06T15:43:32 IST" duration-ms="116" status="PASS">
          <reporter-output>
          </reporter-output>
        </test-method> <!-- teardown -->
        <test-method is-config="true" signature="setup()[pri:0, instance:com.tutorialsninja.qa.testcases.Register@63475ace]" started-at="2026-03-06T15:43:32 IST" name="setup" finished-at="2026-03-06T15:43:34 IST" duration-ms="1724" status="PASS">
          <reporter-output>
          </reporter-output>
        </test-method> <!-- setup -->
        <test-method signature="verifyRegisteringAccountByProvidingAllFields()[pri:2, instance:com.tutorialsninja.qa.testcases.Register@63475ace]" started-at="2026-03-06T15:43:34 IST" name="verifyRegisteringAccountByProvidingAllFields" finished-at="2026-03-06T15:43:35 IST" duration-ms="1189" status="PASS">
          <reporter-output>
          </reporter-output>
        </test-method> <!-- verifyRegisteringAccountByProvidingAllFields -->
        <test-method is-config="true" signature="teardown()[pri:0, instance:com.tutorialsninja.qa.testcases.Register@63475ace]" started-at="2026-03-06T15:43:35 IST" name="teardown" finished-at="2026-03-06T15:43:35 IST" duration-ms="149" status="PASS">
          <reporter-output>
          </reporter-output>
        </test-method> <!-- teardown -->
        <test-method is-config="true" signature="setup()[pri:0, instance:com.tutorialsninja.qa.testcases.Register@63475ace]" started-at="2026-03-06T15:43:35 IST" name="setup" finished-at="2026-03-06T15:43:37 IST" duration-ms="1919" status="PASS">
          <reporter-output>
          </reporter-output>
        </test-method> <!-- setup -->
        <test-method signature="verifyRegisteringAccountWithExistingEmailAddress()[pri:3, instance:com.tutorialsninja.qa.testcases.Register@63475ace]" started-at="2026-03-06T15:43:37 IST" name="verifyRegisteringAccountWithExistingEmailAddress" finished-at="2026-03-06T15:43:38 IST" duration-ms="905" status="PASS">
          <reporter-output>
          </reporter-output>
        </test-method> <!-- verifyRegisteringAccountWithExistingEmailAddress -->
        <test-method is-config="true" signature="teardown()[pri:0, instance:com.tutorialsninja.qa.testcases.Register@63475ace]" started-at="2026-03-06T15:43:38 IST" name="teardown" finished-at="2026-03-06T15:43:38 IST" duration-ms="156" status="PASS">
          <reporter-output>
          </reporter-output>
        </test-method> <!-- teardown -->
        <test-method is-config="true" signature="setup()[pri:0, instance:com.tutorialsninja.qa.testcases.Register@63475ace]" started-at="2026-03-06T15:43:38 IST" name="setup" finished-at="2026-03-06T15:43:40 IST" duration-ms="1940" status="PASS">
          <reporter-output>
          </reporter-output>
        </test-method> <!-- setup -->
        <test-method signature="verifyRegisteringAccountWithoutFillingAnyDetails()[pri:4, instance:com.tutorialsninja.qa.testcases.Register@63475ace]" started-at="2026-03-06T15:43:40 IST" name="verifyRegisteringAccountWithoutFillingAnyDetails" finished-at="2026-03-06T15:43:42 IST" duration-ms="1371" status="PASS">
          <reporter-output>
          </reporter-output>
        </test-method> <!-- verifyRegisteringAccountWithoutFillingAnyDetails -->
        <test-method is-config="true" signature="teardown()[pri:0, instance:com.tutorialsninja.qa.testcases.Register@63475ace]" started-at="2026-03-06T15:43:42 IST" name="teardown" finished-at="2026-03-06T15:43:42 IST" duration-ms="161" status="PASS">
          <reporter-output>
          </reporter-output>
        </test-method> <!-- teardown -->
      </class> <!-- com.tutorialsninja.qa.testcases.Register -->
      <class name="com.tutorialsninja.qa.testcases.Login">
        <test-method is-config="true" signature="setup()[pri:0, instance:com.tutorialsninja.qa.testcases.Login@1c1bbc4e]" started-at="2026-03-06T15:43:17 IST" name="setup" finished-at="2026-03-06T15:43:20 IST" duration-ms="2366" status="PASS">
          <reporter-output>
          </reporter-output>
        </test-method> <!-- setup -->
        <test-method signature="verifyLoginWithInvalidCredentials()[pri:2, instance:com.tutorialsninja.qa.testcases.Login@1c1bbc4e]" started-at="2026-03-06T15:43:20 IST" name="verifyLoginWithInvalidCredentials" finished-at="2026-03-06T15:43:21 IST" duration-ms="1125" status="PASS">
          <reporter-output>
          </reporter-output>
        </test-method> <!-- verifyLoginWithInvalidCredentials -->
        <test-method is-config="true" signature="teardown()[pri:0, instance:com.tutorialsninja.qa.testcases.Login@1c1bbc4e]" started-at="2026-03-06T15:43:21 IST" name="teardown" finished-at="2026-03-06T15:43:21 IST" duration-ms="203" status="PASS">
          <reporter-output>
          </reporter-output>
        </test-method> <!-- teardown -->
        <test-method is-config="true" signature="setup()[pri:0, instance:com.tutorialsninja.qa.testcases.Login@1c1bbc4e]" started-at="2026-03-06T15:43:21 IST" name="setup" finished-at="2026-03-06T15:43:23 IST" duration-ms="1959" status="PASS">
          <reporter-output>
          </reporter-output>
        </test-method> <!-- setup -->
        <test-method signature="verifyLoginWithInvalidEmailAndValidPassword()[pri:3, instance:com.tutorialsninja.qa.testcases.Login@1c1bbc4e]" started-at="2026-03-06T15:43:23 IST" name="verifyLoginWithInvalidEmailAndValidPassword" finished-at="2026-03-06T15:43:24 IST" duration-ms="832" status="PASS">
          <reporter-output>
          </reporter-output>
        </test-method> <!-- verifyLoginWithInvalidEmailAndValidPassword -->
        <test-method is-config="true" signature="teardown()[pri:0, instance:com.tutorialsninja.qa.testcases.Login@1c1bbc4e]" started-at="2026-03-06T15:43:24 IST" name="teardown" finished-at="2026-03-06T15:43:24 IST" duration-ms="144" status="PASS">
          <reporter-output>
          </reporter-output>
        </test-method> <!-- teardown -->
        <test-method is-config="true" signature="setup()[pri:0, instance:com.tutorialsninja.qa.testcases.Login@1c1bbc4e]" started-at="2026-03-06T15:43:24 IST" name="setup" finished-at="2026-03-06T15:43:25 IST" duration-ms="1634" status="PASS">
          <reporter-output>
          </reporter-output>
        </test-method> <!-- setup -->
        <test-method signature="verifyLoginWithValidEmailAndInvalidPassword()[pri:4, instance:com.tutorialsninja.qa.testcases.Login@1c1bbc4e]" started-at="2026-03-06T15:43:25 IST" name="verifyLoginWithValidEmailAndInvalidPassword" finished-at="2026-03-06T15:43:26 IST" duration-ms="886" status="PASS">
          <reporter-output>
          </reporter-output>
        </test-method> <!-- verifyLoginWithValidEmailAndInvalidPassword -->
        <test-method is-config="true" signature="teardown()[pri:0, instance:com.tutorialsninja.qa.testcases.Login@1c1bbc4e]" started-at="2026-03-06T15:43:26 IST" name="teardown" finished-at="2026-03-06T15:43:26 IST" duration-ms="119" status="PASS">
          <reporter-output>
          </reporter-output>
        </test-method> <!-- teardown -->
        <test-method is-config="true" signature="setup()[pri:0, instance:com.tutorialsninja.qa.testcases.Login@1c1bbc4e]" started-at="2026-03-06T15:43:26 IST" name="setup" finished-at="2026-03-06T15:43:28 IST" duration-ms="1687" status="PASS">
          <reporter-output>
          </reporter-output>
        </test-method> <!-- setup -->
        <test-method signature="verifyLoginWithoutProvidingCredentials()[pri:5, instance:com.tutorialsninja.qa.testcases.Login@1c1bbc4e]" started-at="2026-03-06T15:43:28 IST" name="verifyLoginWithoutProvidingCredentials" finished-at="2026-03-06T15:43:29 IST" duration-ms="832" status="PASS">
          <reporter-output>
          </reporter-output>
        </test-method> <!-- verifyLoginWithoutProvidingCredentials -->
        <test-method is-config="true" signature="teardown()[pri:0, instance:com.tutorialsninja.qa.testcases.Login@1c1bbc4e]" started-at="2026-03-06T15:43:29 IST" name="teardown" finished-at="2026-03-06T15:43:29 IST" duration-ms="151" status="PASS">
          <reporter-output>
          </reporter-output>
        </test-method> <!-- teardown -->
      </class> <!-- com.tutorialsninja.qa.testcases.Login -->
    </test> <!-- TutorialsNinja Package Execution -->
  </suite> <!-- TutorialsNinja Automation Suite -->
</testng-results>
