<?xml version="1.0" encoding="UTF-8"?>
<!-- Generated by org.testng.reporters.JUnitReportReporter -->
<testsuite hostname="DESKTOP-NVB0K51" failures="0" tests="3" name="com.tutorialsninja.qa.testcases.Search" time="6.354" errors="0" timestamp="2026-03-06T15:05:20 IST" skipped="0">
  <testcase classname="com.tutorialsninja.qa.testcases.Search" name="verifySearchWithValidProduct" time="2.168"/>
  <testcase classname="com.tutorialsninja.qa.testcases.Search" name="verifySearchWithInvalidProduct" time="1.897"/>
  <testcase classname="com.tutorialsninja.qa.testcases.Search" name="verifySearchWithoutAnyProduct" time="2.289"/>
</testsuite> <!-- com.tutorialsninja.qa.testcases.Search -->
