<?xml version="1.0" encoding="UTF-8"?>
<!-- Generated by org.testng.reporters.JUnitReportReporter -->
<testsuite hostname="DESKTOP-NVB0K51" failures="0" tests="3" name="com.tutorialsninja.qa.testcases.Search" time="5.879" errors="0" timestamp="2026-03-06T15:43:49 IST" skipped="0">
  <testcase classname="com.tutorialsninja.qa.testcases.Search" name="verifySearchWithValidProduct" time="1.992"/>
  <testcase classname="com.tutorialsninja.qa.testcases.Search" name="verifySearchWithInvalidProduct" time="1.751"/>
  <testcase classname="com.tutorialsninja.qa.testcases.Search" name="verifySearchWithoutAnyProduct" time="2.136"/>
</testsuite> <!-- com.tutorialsninja.qa.testcases.Search -->
